PushClient_baidu/app/build/outputs/logs/manifest-merger-debug-report.txt
-- Merging decision tree log ---
manifest
ADDED from src\main\AndroidManifest.xml:2:1-133:12
INJECTED from src\main\AndroidManifest.xml:2:1-133:12
INJECTED from src\main\AndroidManifest.xml:2:1-133:12
INJECTED from src\main\AndroidManifest.xml:2:1-133:12
INJECTED from src\main\AndroidManifest.xml:2:1-133:12
INJECTED from src\main\AndroidManifest.xml:2:1-133:12
INJECTED from src\main\AndroidManifest.xml:2:1-133:12
	package
		ADDED from src\main\AndroidManifest.xml:3:5-28
		INJECTED from src\main\AndroidManifest.xml
		INJECTED from src\main\AndroidManifest.xml
	android:versionName
		ADDED from src\main\AndroidManifest.xml:5:5-32
		INJECTED from src\main\AndroidManifest.xml
		INJECTED from src\main\AndroidManifest.xml
	xmlns:android
		ADDED from src\main\AndroidManifest.xml:2:11-69
	android:versionCode
		ADDED from src\main\AndroidManifest.xml:4:5-29
		INJECTED from src\main\AndroidManifest.xml
		INJECTED from src\main\AndroidManifest.xml
uses-sdk
ADDED from src\main\AndroidManifest.xml:7:5-9:41
INJECTED from src\main\AndroidManifest.xml:7:5-9:41
INJECTED from src\main\AndroidManifest.xml:7:5-9:41
INJECTED from src\main\AndroidManifest.xml:7:5-9:41
INJECTED from src\main\AndroidManifest.xml:7:5-9:41
	android:targetSdkVersion
		ADDED from src\main\AndroidManifest.xml:9:9-38
		INJECTED from src\main\AndroidManifest.xml
		INJECTED from src\main\AndroidManifest.xml
	android:minSdkVersion
		ADDED from src\main\AndroidManifest.xml:8:9-35
		INJECTED from src\main\AndroidManifest.xml
		INJECTED from src\main\AndroidManifest.xml
uses-permission#android.permission.INTERNET
ADDED from src\main\AndroidManifest.xml:11:5-67
	android:name
		ADDED from src\main\AndroidManifest.xml:11:22-64
uses-permission#android.permission.READ_PHONE_STATE
ADDED from src\main\AndroidManifest.xml:12:5-75
	android:name
		ADDED from src\main\AndroidManifest.xml:12:22-72
uses-permission#android.permission.ACCESS_NETWORK_STATE
ADDED from src\main\AndroidManifest.xml:13:5-79
	android:name
		ADDED from src\main\AndroidManifest.xml:13:22-76
uses-permission#android.permission.RECEIVE_BOOT_COMPLETED
ADDED from src\main\AndroidManifest.xml:14:5-81
	android:name
		ADDED from src\main\AndroidManifest.xml:14:22-78
uses-permission#android.permission.WRITE_SETTINGS
ADDED from src\main\AndroidManifest.xml:15:5-73
	android:name
		ADDED from src\main\AndroidManifest.xml:15:22-70
uses-permission#android.permission.VIBRATE
ADDED from src\main\AndroidManifest.xml:16:5-66
	android:name
		ADDED from src\main\AndroidManifest.xml:16:22-63
uses-permission#android.permission.WRITE_EXTERNAL_STORAGE
ADDED from src\main\AndroidManifest.xml:17:5-81
	android:name
		ADDED from src\main\AndroidManifest.xml:17:22-78
uses-permission#android.permission.ACCESS_DOWNLOAD_MANAGER
ADDED from src\main\AndroidManifest.xml:18:5-82
	android:name
		ADDED from src\main\AndroidManifest.xml:18:22-79
uses-permission#android.permission.DOWNLOAD_WITHOUT_NOTIFICATION
ADDED from src\main\AndroidManifest.xml:19:5-88
	android:name
		ADDED from src\main\AndroidManifest.xml:19:22-85
uses-permission#android.permission.DISABLE_KEYGUARD
ADDED from src\main\AndroidManifest.xml:20:5-75
	android:name
		ADDED from src\main\AndroidManifest.xml:20:22-72
uses-permission#android.permission.ACCESS_COARSE_LOCATION
ADDED from src\main\AndroidManifest.xml:22:5-81
	android:name
		ADDED from src\main\AndroidManifest.xml:22:22-78
uses-permission#android.permission.ACCESS_WIFI_STATE
ADDED from src\main\AndroidManifest.xml:23:5-76
	android:name
		ADDED from src\main\AndroidManifest.xml:23:22-73
uses-permission#baidu.push.permission.WRITE_PUSHINFOPROVIDER.com.face.demo
ADDED from src\main\AndroidManifest.xml:28:2-95
	android:name
		ADDED from src\main\AndroidManifest.xml:28:19-92
permission#baidu.push.permission.WRITE_PUSHINFOPROVIDER.com.face.demo
ADDED from src\main\AndroidManifest.xml:29:5-32:18
	android:protectionLevel
		ADDED from src\main\AndroidManifest.xml:31:9-41
	android:name
		ADDED from src\main\AndroidManifest.xml:30:9-82
application
ADDED from src\main\AndroidManifest.xml:34:5-131:19
	android:label
		ADDED from src\main\AndroidManifest.xml:36:9-41
	android:icon
		ADDED from src\main\AndroidManifest.xml:35:9-45
activity#com.baidu.push.example.PushDemoActivity
ADDED from src\main\AndroidManifest.xml:37:9-47:20
	android:screenOrientation
		ADDED from src\main\AndroidManifest.xml:40:13-49
	android:label
		ADDED from src\main\AndroidManifest.xml:41:13-45
	android:launchMode
		ADDED from src\main\AndroidManifest.xml:39:13-44
	android:name
		ADDED from src\main\AndroidManifest.xml:38:13-67
intent-filter#action:name:android.intent.action.MAIN+category:name:android.intent.category.LAUNCHER
ADDED from src\main\AndroidManifest.xml:42:13-46:29
action#android.intent.action.MAIN
ADDED from src\main\AndroidManifest.xml:43:17-69
	android:name
		ADDED from src\main\AndroidManifest.xml:43:25-66
category#android.intent.category.LAUNCHER
ADDED from src\main\AndroidManifest.xml:45:17-77
	android:name
		ADDED from src\main\AndroidManifest.xml:45:27-74
activity#com.baidu.push.example.CustomActivity
ADDED from src\main\AndroidManifest.xml:48:9-52:20
	android:launchMode
		ADDED from src\main\AndroidManifest.xml:50:13-44
	android:configChanges
		ADDED from src\main\AndroidManifest.xml:51:13-63
	android:name
		ADDED from src\main\AndroidManifest.xml:49:13-65
activity#com.baidu.android.pushservice.richmedia.MediaViewActivity
ADDED from src\main\AndroidManifest.xml:55:9-59:20
	android:label
		ADDED from src\main\AndroidManifest.xml:58:13-46
	android:configChanges
		ADDED from src\main\AndroidManifest.xml:57:13-63
	android:name
		ADDED from src\main\AndroidManifest.xml:56:13-85
activity#com.baidu.android.pushservice.richmedia.MediaListActivity
ADDED from src\main\AndroidManifest.xml:60:9-65:20
	android:label
		ADDED from src\main\AndroidManifest.xml:63:13-46
	android:launchMode
		ADDED from src\main\AndroidManifest.xml:64:13-44
	android:configChanges
		ADDED from src\main\AndroidManifest.xml:62:13-63
	android:name
		ADDED from src\main\AndroidManifest.xml:61:13-85
receiver#com.baidu.push.example.MyPushMessageReceiver
ADDED from src\main\AndroidManifest.xml:69:9-78:20
	android:name
		ADDED from src\main\AndroidManifest.xml:69:19-78
intent-filter#action:name:com.baidu.android.pushservice.action.MESSAGE+action:name:com.baidu.android.pushservice.action.RECEIVE+action:name:com.baidu.android.pushservice.action.notification.CLICK
ADDED from src\main\AndroidManifest.xml:70:13-77:29
action#com.baidu.android.pushservice.action.MESSAGE
ADDED from src\main\AndroidManifest.xml:73:17-87
	android:name
		ADDED from src\main\AndroidManifest.xml:73:25-84
action#com.baidu.android.pushservice.action.RECEIVE
ADDED from src\main\AndroidManifest.xml:75:17-87
	android:name
		ADDED from src\main\AndroidManifest.xml:75:25-84
action#com.baidu.android.pushservice.action.notification.CLICK
ADDED from src\main\AndroidManifest.xml:76:17-98
	android:name
		ADDED from src\main\AndroidManifest.xml:76:25-95
receiver#com.baidu.android.pushservice.PushServiceReceiver
ADDED from src\main\AndroidManifest.xml:81:9-94:20
	android:process
		ADDED from src\main\AndroidManifest.xml:82:13-44
	android:name
		ADDED from src\main\AndroidManifest.xml:81:19-83
intent-filter#action:name:android.intent.action.ACTION_POWER_CONNECTED+action:name:android.intent.action.ACTION_POWER_DISCONNECTED+action:name:android.intent.action.BOOT_COMPLETED+action:name:android.intent.action.MEDIA_MOUNTED+action:name:android.intent.action.USER_PRESENT+action:name:android.net.conn.CONNECTIVITY_CHANGE+action:name:com.baidu.android.pushservice.action.media.CLICK+action:name:com.baidu.android.pushservice.action.notification.SHOW
ADDED from src\main\AndroidManifest.xml:83:13-93:29
action#android.intent.action.BOOT_COMPLETED
ADDED from src\main\AndroidManifest.xml:84:17-79
	android:name
		ADDED from src\main\AndroidManifest.xml:84:25-76
action#android.net.conn.CONNECTIVITY_CHANGE
ADDED from src\main\AndroidManifest.xml:85:17-79
	android:name
		ADDED from src\main\AndroidManifest.xml:85:25-76
action#com.baidu.android.pushservice.action.notification.SHOW
ADDED from src\main\AndroidManifest.xml:86:17-97
	android:name
		ADDED from src\main\AndroidManifest.xml:86:25-94
action#com.baidu.android.pushservice.action.media.CLICK
ADDED from src\main\AndroidManifest.xml:87:17-91
	android:name
		ADDED from src\main\AndroidManifest.xml:87:25-88
action#android.intent.action.MEDIA_MOUNTED
ADDED from src\main\AndroidManifest.xml:89:17-78
	android:name
		ADDED from src\main\AndroidManifest.xml:89:25-75
action#android.intent.action.USER_PRESENT
ADDED from src\main\AndroidManifest.xml:90:17-77
	android:name
		ADDED from src\main\AndroidManifest.xml:90:25-74
action#android.intent.action.ACTION_POWER_CONNECTED
ADDED from src\main\AndroidManifest.xml:91:17-87
	android:name
		ADDED from src\main\AndroidManifest.xml:91:25-84
action#android.intent.action.ACTION_POWER_DISCONNECTED
ADDED from src\main\AndroidManifest.xml:92:17-90
	android:name
		ADDED from src\main\AndroidManifest.xml:92:25-87
receiver#com.baidu.android.pushservice.RegistrationReceiver
ADDED from src\main\AndroidManifest.xml:95:9-106:20
	android:process
		ADDED from src\main\AndroidManifest.xml:96:13-44
	android:name
		ADDED from src\main\AndroidManifest.xml:95:19-84
intent-filter#action:name:com.baidu.android.pushservice.action.BIND_SYNC+action:name:com.baidu.android.pushservice.action.METHOD
ADDED from src\main\AndroidManifest.xml:97:13-100:29
action#com.baidu.android.pushservice.action.METHOD
ADDED from src\main\AndroidManifest.xml:98:17-86
	android:name
		ADDED from src\main\AndroidManifest.xml:98:25-83
action#com.baidu.android.pushservice.action.BIND_SYNC
ADDED from src\main\AndroidManifest.xml:99:17-89
	android:name
		ADDED from src\main\AndroidManifest.xml:99:25-86
intent-filter#action:name:android.intent.action.PACKAGE_REMOVED+data:scheme:package
ADDED from src\main\AndroidManifest.xml:101:13-105:29
action#android.intent.action.PACKAGE_REMOVED
ADDED from src\main\AndroidManifest.xml:102:17-80
	android:name
		ADDED from src\main\AndroidManifest.xml:102:25-77
data
ADDED from src\main\AndroidManifest.xml:104:17-50
	android:scheme
		ADDED from src\main\AndroidManifest.xml:104:23-47
service#com.baidu.android.pushservice.PushService
ADDED from src\main\AndroidManifest.xml:108:9-115:19
	android:process
		ADDED from src\main\AndroidManifest.xml:111:13-44
	android:exported
		ADDED from src\main\AndroidManifest.xml:110:13-36
	android:name
		ADDED from src\main\AndroidManifest.xml:109:13-69
intent-filter#action:name:com.baidu.android.pushservice.action.PUSH_SERVICE
ADDED from src\main\AndroidManifest.xml:112:13-114:29
action#com.baidu.android.pushservice.action.PUSH_SERVICE
ADDED from src\main\AndroidManifest.xml:113:17-92
	android:name
		ADDED from src\main\AndroidManifest.xml:113:25-89
service#com.baidu.android.pushservice.CommandService
ADDED from src\main\AndroidManifest.xml:116:2-117:39
	android:exported
		ADDED from src\main\AndroidManifest.xml:117:13-36
	android:name
		ADDED from src\main\AndroidManifest.xml:116:11-70
provider#com.baidu.android.pushservice.PushInfoProvider
ADDED from src\main\AndroidManifest.xml:120:9-125:39
	android:authorities
		ADDED from src\main\AndroidManifest.xml:122:13-55
	android:protectionLevel
		ADDED from src\main\AndroidManifest.xml:124:13-50
	android:exported
		ADDED from src\main\AndroidManifest.xml:125:13-36
	android:writePermission
		ADDED from src\main\AndroidManifest.xml:123:13-97
	android:name
		ADDED from src\main\AndroidManifest.xml:121:13-74
meta-data#api_key
ADDED from src\main\AndroidManifest.xml:128:9-130:56
	android:value
		ADDED from src\main\AndroidManifest.xml:130:13-53
	android:name
		ADDED from src\main\AndroidManifest.xml:129:13-35